<?xml version="1.0" encoding="UTF-8"?>
<testng-results skipped="0" failed="0" total="1" passed="1">
  <reporter-output>
  </reporter-output>
  <suite name="Default suite" duration-ms="70031" started-at="2021-03-13T04:01:54Z" finished-at="2021-03-13T04:03:04Z">
    <groups>
    </groups>
    <test name="Default test" duration-ms="70031" started-at="2021-03-13T04:01:54Z" finished-at="2021-03-13T04:03:04Z">
      <class name="testcases.TC_01_AddEmployee">
        <test-method status="PASS" signature="beforeTestCase()[pri:0, instance:testcases.TC_01_AddEmployee@2ed94a8b]" name="beforeTestCase" is-config="true" duration-ms="1728" started-at="2021-03-13T09:31:54Z" finished-at="2021-03-13T09:31:55Z">
          <reporter-output>
          </reporter-output>
        </test-method> <!-- beforeTestCase -->
        <test-method status="PASS" signature="addEmployee()[pri:0, instance:testcases.TC_01_AddEmployee@2ed94a8b]" name="addEmployee" duration-ms="65255" started-at="2021-03-13T09:31:55Z" finished-at="2021-03-13T09:33:01Z">
          <reporter-output>
          </reporter-output>
        </test-method> <!-- addEmployee -->
        <test-method status="PASS" signature="tearDown()[pri:0, instance:testcases.TC_01_AddEmployee@2ed94a8b]" name="tearDown" is-config="true" duration-ms="3016" started-at="2021-03-13T09:33:01Z" finished-at="2021-03-13T09:33:04Z">
          <reporter-output>
          </reporter-output>
        </test-method> <!-- tearDown -->
      </class> <!-- testcases.TC_01_AddEmployee -->
    </test> <!-- Default test -->
  </suite> <!-- Default suite -->
</testng-results>
